<?xml version="1.0" encoding="UTF-8"?>
<!-- Generated by org.testng.reporters.JUnitXMLReporter -->
<testsuite hostname="CHETAN-PC" ignored="0" name="Regression Tests" tests="10" failures="2" timestamp="12 Sep 2018 16:20:09 GMT" time="22.118" errors="0">
  <testcase name="checkContentEncodingValidCity" time="6.957" classname="com.mycompany.app.GetTest">
    <failure type="java.lang.AssertionError" message="expected [nginx/1.12.1] but found [nginx/1.14.0]">
      <![CDATA[java.lang.AssertionError: expected [nginx/1.12.1] but found [nginx/1.14.0]
	at com.mycompany.app.GetTest.checkContentEncodingValidCity(GetTest.java:147)
... Removed 35 stack frames]]>
    </failure>
  </testcase> <!-- checkContentEncodingValidCity -->
  <testcase name="checkStatusCodeInvalidCity" time="1.456" classname="com.mycompany.app.GetTest"/>
  <testcase name="checkStatusCodeValidCity" time="1.269" classname="com.mycompany.app.GetTest"/>
  <testcase name="displayAllNodesInWeatherAPI" time="3.436" classname="com.mycompany.app.GetTest"/>
  <testcase name="getResponseBodyValidCity" time="1.103" classname="com.mycompany.app.GetTest"/>
  <testcase name="getWeatherHeaders" time="1.536" classname="com.mycompany.app.GetTest"/>
  <testcase name="iteratingOverHeaders" time="1.11" classname="com.mycompany.app.GetTest"/>
  <testcase name="verifyCityInJsonResponse" time="1.178" classname="com.mycompany.app.GetTest"/>
  <testcase name="registrationSuccessful" time="0.985" classname="com.mycompany.app.PostTest">
    <failure type="java.lang.AssertionError" message="expected [201] but found [200]">
      <![CDATA[java.lang.AssertionError: expected [201] but found [200]
	at com.mycompany.app.PostTest.registrationSuccessful(PostTest.java:41)
... Removed 34 stack frames]]>
    </failure>
  </testcase> <!-- registrationSuccessful -->
  <testcase name="JsonPathUsage" time="1.192" classname="com.mycompany.app.JsonPathTest"/>
</testsuite> <!-- Regression Tests -->
