<?xml version="1.0" encoding="UTF-8"?>
<testsuite xmlns:xsi="http://www.w3.org/2001/XMLSchema-instance" xsi:noNamespaceSchemaLocation="https://maven.apache.org/surefire/maven-surefire-plugin/xsd/surefire-test-report.xsd" name="TestSuite" time="28.309" tests="10" errors="0" skipped="0" failures="2">
  <properties>
[...]
</properties>
  <testcase name="checkContentEncodingValidCity" classname="com.mycompany.app.GetTest" time="7.019">
    <failure message="expected [nginx/1.12.1] but found [nginx/1.14.0]" type="java.lang.AssertionError">java.lang.AssertionError: expected [nginx/1.12.1] but found [nginx/1.14.0]
	at com.mycompany.app.GetTest.checkContentEncodingValidCity(GetTest.java:147)
</failure>
    <system-out><![CDATA[DEBUG [main] (BasicClientConnectionManager.java:161)- Get connection for route {}->http://restapi.demoqa.com:80
DEBUG [main] (DefaultClientConnectionOperator.java:177)- Connecting to restapi.demoqa.com:80
DEBUG [main] (RequestAddCookies.java:123)- CookieSpec selected: ignoreCookies
DEBUG [main] (RequestAuthCache.java:77)- Auth cache not set in the context
DEBUG [main] (RequestTargetAuthentication.java:80)- Target auth state: UNCHALLENGED
DEBUG [main] (RequestProxyAuthentication.java:89)- Proxy auth state: UNCHALLENGED
DEBUG [main] (DefaultRequestDirector.java:682)- Attempt 1 to execute request
DEBUG [main] (DefaultClientConnection.java:274)- Sending request: GET /utilities/weather/city/Hyderabad HTTP/1.1
DEBUG [main] (Wire.java:73)-  >> "GET /utilities/weather/city/Hyderabad HTTP/1.1[\r][\n]"
DEBUG [main] (Wire.java:73)-  >> "Accept: */*[\r][\n]"
DEBUG [main] (Wire.java:73)-  >> "Content-Length: 0[\r][\n]"
DEBUG [main] (Wire.java:73)-  >> "Host: restapi.demoqa.com[\r][\n]"
DEBUG [main] (Wire.java:73)-  >> "Connection: Keep-Alive[\r][\n]"
DEBUG [main] (Wire.java:73)-  >> "User-Agent: Apache-HttpClient/4.5.5 (Java/1.8.0_181)[\r][\n]"
DEBUG [main] (Wire.java:73)-  >> "Accept-Encoding: gzip,deflate[\r][\n]"
DEBUG [main] (Wire.java:73)-  >> "[\r][\n]"
DEBUG [main] (DefaultClientConnection.java:278)- >> GET /utilities/weather/city/Hyderabad HTTP/1.1
DEBUG [main] (DefaultClientConnection.java:281)- >> Accept: */*
DEBUG [main] (DefaultClientConnection.java:281)- >> Content-Length: 0
DEBUG [main] (DefaultClientConnection.java:281)- >> Host: restapi.demoqa.com
DEBUG [main] (DefaultClientConnection.java:281)- >> Connection: Keep-Alive
DEBUG [main] (DefaultClientConnection.java:281)- >> User-Agent: Apache-HttpClient/4.5.5 (Java/1.8.0_181)
DEBUG [main] (DefaultClientConnection.java:281)- >> Accept-Encoding: gzip,deflate
DEBUG [main] (Wire.java:73)-  << "HTTP/1.1 200 OK[\r][\n]"
DEBUG [main] (Wire.java:73)-  << "Server: nginx/1.14.0[\r][\n]"
DEBUG [main] (Wire.java:73)-  << "Date: Wed, 12 Sep 2018 16:20:43 GMT[\r][\n]"
DEBUG [main] (Wire.java:73)-  << "Content-Type: application/json[\r][\n]"
DEBUG [main] (Wire.java:73)-  << "Content-Length: 160[\r][\n]"
DEBUG [main] (Wire.java:73)-  << "Connection: keep-alive[\r][\n]"
DEBUG [main] (Wire.java:73)-  << "Cache-Control: max-age=2592000[\r][\n]"
DEBUG [main] (Wire.java:73)-  << "Expires: Fri, 12 Oct 2018 16:20:43 GMT[\r][\n]"
DEBUG [main] (Wire.java:73)-  << "Vary: Accept-Encoding,User-Agent[\r][\n]"
DEBUG [main] (Wire.java:73)-  << "Content-Encoding: gzip[\r][\n]"
DEBUG [main] (Wire.java:73)-  << "Access-Control-Allow-Origin: *[\r][\n]"
DEBUG [main] (Wire.java:73)-  << "[\r][\n]"
DEBUG [main] (DefaultClientConnection.java:259)- Receiving response: HTTP/1.1 200 OK
DEBUG [main] (DefaultClientConnection.java:262)- << HTTP/1.1 200 OK
DEBUG [main] (DefaultClientConnection.java:265)- << Server: nginx/1.14.0
DEBUG [main] (DefaultClientConnection.java:265)- << Date: Wed, 12 Sep 2018 16:20:43 GMT
DEBUG [main] (DefaultClientConnection.java:265)- << Content-Type: application/json
DEBUG [main] (DefaultClientConnection.java:265)- << Content-Length: 160
DEBUG [main] (DefaultClientConnection.java:265)- << Connection: keep-alive
DEBUG [main] (DefaultClientConnection.java:265)- << Cache-Control: max-age=2592000
DEBUG [main] (DefaultClientConnection.java:265)- << Expires: Fri, 12 Oct 2018 16:20:43 GMT
DEBUG [main] (DefaultClientConnection.java:265)- << Vary: Accept-Encoding,User-Agent
DEBUG [main] (DefaultClientConnection.java:265)- << Content-Encoding: gzip
DEBUG [main] (DefaultClientConnection.java:265)- << Access-Control-Allow-Origin: *
DEBUG [main] (DefaultRequestDirector.java:509)- Connection can be kept alive indefinitely
DEBUG [main] (HTTPBuilder.java:544)- Parsing response as: application/json
DEBUG [main] (Wire.java:73)-  << "[0x1f][0x8b][0x8][0x0][0x0][0x0][0x0][0x0][0x0][0x3]M[0x8e][0xc1][\n]"
DEBUG [main] (Wire.java:73)-  << "[0xc2]0[0x10]D[0xef][0xfd][0x8a]%g)(V[0xd0][0xab]=[0x14][0xbc][0x8][\n]"
DEBUG [main] (Wire.java:87)-  << "[0x9e]c2[0x98][0x5][0xdb][0x86]Mr[0xa8][0xe2][0xbf][0xdb][0xd0]V[0xdc][0xe3][0xbc][0xc7][0xec][0xbc][0xb][0x1a]O[0x1d]9[0xe][0xea]@[0xaa][0x19],D[0xdf][0xb5]U[0xab][0x9]\[0xd1][0xfa]1[0x89]I[0x90][0xf9][0xa6]*w[0x15][0xd5]x[0x8]@[0x6][0xcf][0xc0]),j[0x93]Z[0xb6]s[0xcf]~Kg[0x88]A[0x17][0x17]z[0x83][0x8e][0xe]R#[0x18]a[0x1f][0xb9][0xef][0xb2][0xe7][0xf4][0xb]?[0x83];{[0xf1][0x80][0xcd]`]Vtji[0xfc]M[0xae]O[0xf2][0xef][0xd4],0[0xb9]`[0x9a][0x91][0xed]y[0x91]*>_M[0xa3][0x8a][0x99][0xd0][0x0][0x0][0x0]"
DEBUG [main] (HTTPBuilder.java:547)- Parsed data to instance of: class org.apache.http.conn.EofSensorInputStream
]]></system-out>
  </testcase>
  <testcase name="checkStatusCodeInvalidCity" classname="com.mycompany.app.GetTest" time="1.655"/>
  <testcase name="checkStatusCodeValidCity" classname="com.mycompany.app.GetTest" time="1.284"/>
  <testcase name="displayAllNodesInWeatherAPI" classname="com.mycompany.app.GetTest" time="3.215"/>
  <testcase name="getResponseBodyValidCity" classname="com.mycompany.app.GetTest" time="1.338"/>
  <testcase name="getWeatherHeaders" classname="com.mycompany.app.GetTest" time="1.426"/>
  <testcase name="iteratingOverHeaders" classname="com.mycompany.app.GetTest" time="1.119"/>
  <testcase name="verifyCityInJsonResponse" classname="com.mycompany.app.GetTest" time="1.236"/>
  <testcase name="registrationSuccessful" classname="com.mycompany.app.PostTest" time="1.157">
    <failure message="expected [201] but found [200]" type="java.lang.AssertionError">java.lang.AssertionError: expected [201] but found [200]
	at com.mycompany.app.PostTest.registrationSuccessful(PostTest.java:41)
</failure>
    <system-out><![CDATA[DEBUG [main] (BasicClientConnectionManager.java:161)- Get connection for route {}->http://restapi.demoqa.com:80
DEBUG [main] (DefaultClientConnectionOperator.java:177)- Connecting to restapi.demoqa.com:80
DEBUG [main] (RequestAddCookies.java:123)- CookieSpec selected: ignoreCookies
DEBUG [main] (RequestAuthCache.java:77)- Auth cache not set in the context
DEBUG [main] (RequestTargetAuthentication.java:80)- Target auth state: UNCHALLENGED
DEBUG [main] (RequestProxyAuthentication.java:89)- Proxy auth state: UNCHALLENGED
DEBUG [main] (DefaultRequestDirector.java:682)- Attempt 1 to execute request
DEBUG [main] (DefaultClientConnection.java:274)- Sending request: POST /customer/register HTTP/1.1
DEBUG [main] (Wire.java:73)-  >> "POST /customer/register HTTP/1.1[\r][\n]"
DEBUG [main] (Wire.java:73)-  >> "Accept: */*[\r][\n]"
DEBUG [main] (Wire.java:73)-  >> "Content-Type: text/plain; charset=ISO-8859-1[\r][\n]"
DEBUG [main] (Wire.java:73)-  >> "Content-Length: 132[\r][\n]"
DEBUG [main] (Wire.java:73)-  >> "Host: restapi.demoqa.com[\r][\n]"
DEBUG [main] (Wire.java:73)-  >> "Connection: Keep-Alive[\r][\n]"
DEBUG [main] (Wire.java:73)-  >> "User-Agent: Apache-HttpClient/4.5.5 (Java/1.8.0_181)[\r][\n]"
DEBUG [main] (Wire.java:73)-  >> "Accept-Encoding: gzip,deflate[\r][\n]"
DEBUG [main] (Wire.java:73)-  >> "[\r][\n]"
DEBUG [main] (DefaultClientConnection.java:278)- >> POST /customer/register HTTP/1.1
DEBUG [main] (DefaultClientConnection.java:281)- >> Accept: */*
DEBUG [main] (DefaultClientConnection.java:281)- >> Content-Type: text/plain; charset=ISO-8859-1
DEBUG [main] (DefaultClientConnection.java:281)- >> Content-Length: 132
DEBUG [main] (DefaultClientConnection.java:281)- >> Host: restapi.demoqa.com
DEBUG [main] (DefaultClientConnection.java:281)- >> Connection: Keep-Alive
DEBUG [main] (DefaultClientConnection.java:281)- >> User-Agent: Apache-HttpClient/4.5.5 (Java/1.8.0_181)
DEBUG [main] (DefaultClientConnection.java:281)- >> Accept-Encoding: gzip,deflate
DEBUG [main] (Wire.java:87)-  >> "{"UserName":"sdimpleuser2dd2011","Email":"sample2ee26d9@gmail.com","FirstName":"Virender","LastName":"Singh","Password":"password1"}"
DEBUG [main] (Wire.java:73)-  << "HTTP/1.1 200 OK[\r][\n]"
DEBUG [main] (Wire.java:73)-  << "Server: nginx/1.14.0[\r][\n]"
DEBUG [main] (Wire.java:73)-  << "Date: Wed, 12 Sep 2018 16:20:56 GMT[\r][\n]"
DEBUG [main] (Wire.java:73)-  << "Content-Type: application/json[\r][\n]"
DEBUG [main] (Wire.java:73)-  << "Content-Length: 92[\r][\n]"
DEBUG [main] (Wire.java:73)-  << "Connection: keep-alive[\r][\n]"
DEBUG [main] (Wire.java:73)-  << "Cache-Control: max-age=2592000[\r][\n]"
DEBUG [main] (Wire.java:73)-  << "Expires: Fri, 12 Oct 2018 16:20:56 GMT[\r][\n]"
DEBUG [main] (Wire.java:73)-  << "Vary: Accept-Encoding,User-Agent[\r][\n]"
DEBUG [main] (Wire.java:73)-  << "Content-Encoding: gzip[\r][\n]"
DEBUG [main] (Wire.java:73)-  << "Access-Control-Allow-Origin: *[\r][\n]"
DEBUG [main] (Wire.java:73)-  << "[\r][\n]"
DEBUG [main] (DefaultClientConnection.java:259)- Receiving response: HTTP/1.1 200 OK
DEBUG [main] (DefaultClientConnection.java:262)- << HTTP/1.1 200 OK
DEBUG [main] (DefaultClientConnection.java:265)- << Server: nginx/1.14.0
DEBUG [main] (DefaultClientConnection.java:265)- << Date: Wed, 12 Sep 2018 16:20:56 GMT
DEBUG [main] (DefaultClientConnection.java:265)- << Content-Type: application/json
DEBUG [main] (DefaultClientConnection.java:265)- << Content-Length: 92
DEBUG [main] (DefaultClientConnection.java:265)- << Connection: keep-alive
DEBUG [main] (DefaultClientConnection.java:265)- << Cache-Control: max-age=2592000
DEBUG [main] (DefaultClientConnection.java:265)- << Expires: Fri, 12 Oct 2018 16:20:56 GMT
DEBUG [main] (DefaultClientConnection.java:265)- << Vary: Accept-Encoding,User-Agent
DEBUG [main] (DefaultClientConnection.java:265)- << Content-Encoding: gzip
DEBUG [main] (DefaultClientConnection.java:265)- << Access-Control-Allow-Origin: *
DEBUG [main] (DefaultRequestDirector.java:509)- Connection can be kept alive indefinitely
DEBUG [main] (HTTPBuilder.java:544)- Parsing response as: application/json
DEBUG [main] (Wire.java:87)-  << "[0x1f][0x8b][0x8][0x0][0x0][0x0][0x0][0x0][0x0][0x3][0xab][0xe6]R[0x0][0x2]%[0xb7][0xc4][0xd2][0x9c][0x12][0xcf][0x14]%+[0x5][0xa5][0xd0][0xe2][0xd4]"[0x85][0xc4][0x9c][0xa2][0xd4][0xc4][0x94]J[0x85][0xd4][0x8a][0xcc][0xe2][0x92]b%[0x1d][0x88][0xaa]4[0x90]*[0x90][0x1a]7[0xc7]P[0x9f][0x90][0xf8][0xd0]`[0xd7][0xa0]xG[0x9f] WG[0x97][0xc8]x[0xd7][0x8][0xcf][0xe0][0x90]`%[0xae]Z[0x0][0x1e][0x8b][0xe][0x9a]R[0x0][0x0][0x0]"
DEBUG [main] (HTTPBuilder.java:547)- Parsed data to instance of: class org.apache.http.conn.EofSensorInputStream
]]></system-out>
  </testcase>
  <testcase name="JsonPathUsage" classname="com.mycompany.app.JsonPathTest" time="1.538"/>
</testsuite>